
> Configure project :
The 'sonarqube' task depends on compile tasks. This behavior is now deprecated and will be removed in version 5.x. To avoid implicit compilation, set property 'sonar.gradle.skipCompile' to 'true' and make sure your project is compiled, before analysis has started.
The 'sonar' task depends on compile tasks. This behavior is now deprecated and will be removed in version 5.x. To avoid implicit compilation, set property 'sonar.gradle.skipCompile' to 'true' and make sure your project is compiled, before analysis has started.

> Task :compileJava UP-TO-DATE
> Task :processResources
> Task :classes
> Task :resolveMainClassName

> Task :bootRun

  .   ____          _            __ _ _
 /\\ / ___'_ __ _ _(_)_ __  __ _ \ \ \ \
( ( )\___ | '_ | '_| | '_ \/ _` | \ \ \ \
 \\/  ___)| |_)| | | | | || (_| |  ) ) ) )
  '  |____| .__|_| |_|_| |_\__, | / / / /
 =========|_|==============|___/=/_/_/_/
 :: Spring Boot ::                (v3.2.2)

2026-01-28T03:51:58.454+05:30  INFO 35056 --- [inventory-service] [           main] c.inventory.system.InventoryApplication  : Starting InventoryApplication using Java 21.0.10 with PID 35056 (E:\anti-gravity workspace\inventory-management-system\build\classes\java\main started by kajal in E:\anti-gravity workspace\inventory-management-system)
2026-01-28T03:51:58.455+05:30 DEBUG 35056 --- [inventory-service] [           main] c.inventory.system.InventoryApplication  : Running with Spring Boot v3.2.2, Spring v6.1.3
2026-01-28T03:51:58.455+05:30  INFO 35056 --- [inventory-service] [           main] c.inventory.system.InventoryApplication  : No active profile set, falling back to 1 default profile: "default"
2026-01-28T03:51:58.973+05:30  INFO 35056 --- [inventory-service] [           main] .s.d.r.c.RepositoryConfigurationDelegate : Bootstrapping Spring Data JPA repositories in DEFAULT mode.
2026-01-28T03:51:59.053+05:30  INFO 35056 --- [inventory-service] [           main] .s.d.r.c.RepositoryConfigurationDelegate : Finished Spring Data repository scanning in 71 ms. Found 6 JPA repository interfaces.
2026-01-28T03:51:59.574+05:30  INFO 35056 --- [inventory-service] [           main] o.s.b.w.embedded.tomcat.TomcatWebServer  : Tomcat initialized with port 8080 (http)
2026-01-28T03:51:59.595+05:30  INFO 35056 --- [inventory-service] [           main] o.apache.catalina.core.StandardService   : Starting service [Tomcat]
2026-01-28T03:51:59.595+05:30  INFO 35056 --- [inventory-service] [           main] o.apache.catalina.core.StandardEngine    : Starting Servlet engine: [Apache Tomcat/10.1.18]
2026-01-28T03:51:59.679+05:30  INFO 35056 --- [inventory-service] [           main] o.a.c.c.C.[Tomcat].[localhost].[/]       : Initializing Spring embedded WebApplicationContext
2026-01-28T03:51:59.680+05:30  INFO 35056 --- [inventory-service] [           main] w.s.c.ServletWebServerApplicationContext : Root WebApplicationContext: initialization completed in 1185 ms
2026-01-28T03:51:59.719+05:30  INFO 35056 --- [inventory-service] [           main] com.zaxxer.hikari.HikariDataSource       : HikariPool-1 - Starting...
2026-01-28T03:51:59.896+05:30  INFO 35056 --- [inventory-service] [           main] com.zaxxer.hikari.pool.HikariPool        : HikariPool-1 - Added connection conn0: url=jdbc:h2:mem:inventorydb user=SA
2026-01-28T03:51:59.899+05:30  INFO 35056 --- [inventory-service] [           main] com.zaxxer.hikari.HikariDataSource       : HikariPool-1 - Start completed.
2026-01-28T03:51:59.913+05:30  INFO 35056 --- [inventory-service] [           main] o.s.b.a.h2.H2ConsoleAutoConfiguration    : H2 console available at '/h2-console'. Database available at 'jdbc:h2:mem:inventorydb'
2026-01-28T03:52:00.046+05:30  INFO 35056 --- [inventory-service] [           main] o.hibernate.jpa.internal.util.LogHelper  : HHH000204: Processing PersistenceUnitInfo [name: default]
2026-01-28T03:52:00.089+05:30  INFO 35056 --- [inventory-service] [           main] org.hibernate.Version                    : HHH000412: Hibernate ORM core version 6.4.1.Final
2026-01-28T03:52:00.115+05:30  INFO 35056 --- [inventory-service] [           main] o.h.c.internal.RegionFactoryInitiator    : HHH000026: Second-level cache disabled
2026-01-28T03:52:00.289+05:30  INFO 35056 --- [inventory-service] [           main] o.s.o.j.p.SpringPersistenceUnitInfo      : No LoadTimeWeaver setup: ignoring JPA class transformer
2026-01-28T03:52:00.330+05:30  WARN 35056 --- [inventory-service] [           main] org.hibernate.orm.deprecation            : HHH90000025: H2Dialect does not need to be specified explicitly using 'hibernate.dialect' (remove the property setting and it will be selected by default)
2026-01-28T03:52:01.374+05:30  INFO 35056 --- [inventory-service] [           main] o.h.e.t.j.p.i.JtaPlatformInitiator       : HHH000489: No JTA platform available (set 'hibernate.transaction.jta.platform' to enable JTA platform integration)
Hibernate: 
    create table audit_logs (
        id bigint generated by default as identity,
        action varchar(255) not null,
        product_id bigint not null,
        product_sku varchar(255),
        quantity_changed integer not null,
        reason varchar(255),
        timestamp timestamp(6) not null,
        user_performed varchar(255),
        warehouse_id bigint,
        primary key (id)
    )
Hibernate: 
    create table categories (
        id bigint generated by default as identity,
        created_at timestamp(6) not null,
        updated_at timestamp(6) not null,
        description varchar(255),
        name varchar(255) not null,
        primary key (id)
    )
Hibernate: 
    create table orders (
        id bigint generated by default as identity,
        created_at timestamp(6) not null,
        updated_at timestamp(6) not null,
        order_number varchar(255) not null,
        product_id bigint,
        quantity integer,
        status varchar(255) check (status in ('PENDING','CONFIRMED','CANCELLED','FULFILLED')),
        primary key (id)
    )
Hibernate: 
    create table products (
        id bigint generated by default as identity,
        created_at timestamp(6) not null,
        updated_at timestamp(6) not null,
        description varchar(255),
        low_stock_threshold integer not null,
        name varchar(255) not null,
        price numeric(38,2) not null,
        sku varchar(255) not null,
        category_id bigint,
        primary key (id)
    )
Hibernate: 
    create table stocks (
        id bigint generated by default as identity,
        created_at timestamp(6) not null,
        updated_at timestamp(6) not null,
        quantity integer not null,
        reserved_quantity integer not null,
        product_id bigint not null,
        warehouse_id bigint not null,
        primary key (id)
    )
Hibernate: 
    create table warehouses (
        id bigint generated by default as identity,
        created_at timestamp(6) not null,
        updated_at timestamp(6) not null,
        location varchar(255),
        name varchar(255) not null,
        primary key (id)
    )
Hibernate: 
    alter table if exists categories 
       drop constraint if exists UK_t8o6pivur7nn124jehx7cygw5
Hibernate: 
    alter table if exists categories 
       add constraint UK_t8o6pivur7nn124jehx7cygw5 unique (name)
Hibernate: 
    alter table if exists products 
       drop constraint if exists UK_fhmd06dsmj6k0n90swsh8ie9g
Hibernate: 
    alter table if exists products 
       add constraint UK_fhmd06dsmj6k0n90swsh8ie9g unique (sku)
Hibernate: 
    alter table if exists stocks 
       drop constraint if exists UKt63cpr1a23ari7clpnbfglbtf
Hibernate: 
    alter table if exists stocks 
       add constraint UKt63cpr1a23ari7clpnbfglbtf unique (product_id, warehouse_id)
Hibernate: 
    alter table if exists warehouses 
       drop constraint if exists UK_2qm0l82n5ivhyqwmgejxxefm1
Hibernate: 
    alter table if exists warehouses 
       add constraint UK_2qm0l82n5ivhyqwmgejxxefm1 unique (name)
Hibernate: 
    alter table if exists products 
       add constraint FKog2rp4qthbtt2lfyhfo32lsw9 
       foreign key (category_id) 
       references categories
Hibernate: 
    alter table if exists stocks 
       add constraint FKff7be959jyco0iukc1dcjj9qm 
       foreign key (product_id) 
       references products
Hibernate: 
    alter table if exists stocks 
       add constraint FKjftt43i266337pt7y8b291hpx 
       foreign key (warehouse_id) 
       references warehouses
2026-01-28T03:52:01.463+05:30  INFO 35056 --- [inventory-service] [           main] j.LocalContainerEntityManagerFactoryBean : Initialized JPA EntityManagerFactory for persistence unit 'default'
2026-01-28T03:52:01.955+05:30  WARN 35056 --- [inventory-service] [           main] JpaBaseConfiguration$JpaWebConfiguration : spring.jpa.open-in-view is enabled by default. Therefore, database queries may be performed during view rendering. Explicitly configure spring.jpa.open-in-view to disable this warning
2026-01-28T03:52:02.348+05:30  WARN 35056 --- [inventory-service] [           main] ConfigServletWebServerApplicationContext : Exception encountered during context initialization - cancelling refresh attempt: org.springframework.context.ApplicationContextException: Failed to start bean 'webServerStartStop'
2026-01-28T03:52:02.350+05:30  INFO 35056 --- [inventory-service] [           main] j.LocalContainerEntityManagerFactoryBean : Closing JPA EntityManagerFactory for persistence unit 'default'
2026-01-28T03:52:02.351+05:30  INFO 35056 --- [inventory-service] [           main] com.zaxxer.hikari.HikariDataSource       : HikariPool-1 - Shutdown initiated...
2026-01-28T03:52:02.353+05:30  INFO 35056 --- [inventory-service] [           main] com.zaxxer.hikari.HikariDataSource       : HikariPool-1 - Shutdown completed.
2026-01-28T03:52:02.365+05:30  INFO 35056 --- [inventory-service] [           main] .s.b.a.l.ConditionEvaluationReportLogger : 

Error starting ApplicationContext. To display the condition evaluation report re-run your application with 'debug' enabled.
2026-01-28T03:52:02.396+05:30 ERROR 35056 --- [inventory-service] [           main] o.s.b.d.LoggingFailureAnalysisReporter   : 

***************************
APPLICATION FAILED TO START
***************************

Description:

Web server failed to start. Port 8080 was already in use.

Action:

Identify and stop the process that's listening on port 8080 or configure this application to listen on another port.


> Task :bootRun FAILED

[Incubating] Problems report is available at: file:///E:/anti-gravity%20workspace/inventory-management-system/build/reports/problems/problems-report.html

FAILURE: Build failed with an exception.

* What went wrong:
Execution failed for task ':bootRun'.
> Process 'command 'C:\Program Files\Java\jdk-21.0.10\bin\java.exe'' finished with non-zero exit value 1

* Try:
> Run with --stacktrace option to get the stack trace.
> Run with --info or --debug option to get more log output.
> Run with --scan to get full insights.
> Get more help at https://help.gradle.org.

Deprecated Gradle features were used in this build, making it incompatible with Gradle 9.0.

You can use '--warning-mode all' to show the individual deprecation warnings and determine if they come from your own scripts or plugins.

For more on this, please refer to https://docs.gradle.org/8.14.4/userguide/command_line_interface.html#sec:command_line_warnings in the Gradle documentation.

BUILD FAILED in 6s
4 actionable tasks: 3 executed, 1 up-to-date
